app/build/intermediates/manifest_merge_blame_file/mainlineDebug/processMainlineDebugMainManifest/manifest-merger-blame-mainline-debug-report.txt
1<?xml version="1.0" encoding="utf-8"?>
2<manifest xmlns:android="http://schemas.android.com/apk/res/android"
3    package="nodomain.freeyourgadget.gadgetbridge"
4    android:versionCode="242"
5    android:versionName="0.87.1" >
6
7    <uses-sdk
8        android:minSdkVersion="23"
9        android:targetSdkVersion="34" />
10
11    <!--
12        Comment in for testing Pebble Emulator
13        <uses-permission android:name="android.permission.INTERNET" />
14    -->
15    <!-- Used for Bluetooth access -->
16    <!--
17        Request legacy Bluetooth permissions on older devices.
18        #5053 - keep the permission even on Android 12 and above
19    -->
20    <uses-permission android:name="android.permission.BLUETOOTH" />
20-->src/main/AndroidManifest.xml:14:5-104
20-->src/main/AndroidManifest.xml:14:22-65
21    <uses-permission
21-->src/main/AndroidManifest.xml:15:5-16:37
22        android:name="android.permission.BLUETOOTH_ADMIN"
22-->src/main/AndroidManifest.xml:15:22-71
23        android:maxSdkVersion="30" />
23-->src/main/AndroidManifest.xml:16:9-35
24    <!-- Needed to looks for Bluetooth devices. -->
25    <uses-permission android:name="android.permission.BLUETOOTH_SCAN" />
25-->src/main/AndroidManifest.xml:18:5-73
25-->src/main/AndroidManifest.xml:18:22-70
26    <!-- Needed to communicate with already-paired Bluetooth devices. -->
27    <uses-permission android:name="android.permission.BLUETOOTH_CONNECT" />
27-->src/main/AndroidManifest.xml:20:5-76
27-->src/main/AndroidManifest.xml:20:22-73
28    <uses-permission android:name="android.permission.ACCESS_COARSE_LOCATION" />
28-->src/main/AndroidManifest.xml:21:5-81
28-->src/main/AndroidManifest.xml:21:22-78
29
30    <!-- Since Android 10 -->
31    <uses-permission android:name="android.permission.ACCESS_FINE_LOCATION" />
31-->src/main/AndroidManifest.xml:24:5-79
31-->src/main/AndroidManifest.xml:24:22-76
32    <uses-permission android:name="android.permission.ACCESS_BACKGROUND_LOCATION" />
32-->src/main/AndroidManifest.xml:25:5-85
32-->src/main/AndroidManifest.xml:25:22-82
33    <uses-permission android:name="android.permission.READ_CALL_LOG" />
33-->src/main/AndroidManifest.xml:27:5-72
33-->src/main/AndroidManifest.xml:27:22-69
34    <uses-permission android:name="android.permission.READ_PHONE_STATE" />
34-->src/main/AndroidManifest.xml:28:5-75
34-->src/main/AndroidManifest.xml:28:22-72
35    <uses-permission android:name="android.permission.PROCESS_OUTGOING_CALLS" />
35-->src/main/AndroidManifest.xml:29:5-81
35-->src/main/AndroidManifest.xml:29:22-78
36    <uses-permission android:name="android.permission.ACCESS_NOTIFICATION_POLICY" />
36-->src/main/AndroidManifest.xml:30:5-85
36-->src/main/AndroidManifest.xml:30:22-82
37    <uses-permission android:name="android.permission.CALL_PHONE" />
37-->src/main/AndroidManifest.xml:31:5-69
37-->src/main/AndroidManifest.xml:31:22-66
38    <uses-permission android:name="android.permission.ANSWER_PHONE_CALLS" />
38-->src/main/AndroidManifest.xml:32:5-77
38-->src/main/AndroidManifest.xml:32:22-74
39    <uses-permission android:name="android.permission.RECEIVE_SMS" />
39-->src/main/AndroidManifest.xml:33:5-70
39-->src/main/AndroidManifest.xml:33:22-67
40    <uses-permission android:name="android.permission.SEND_SMS" />
40-->src/main/AndroidManifest.xml:34:5-67
40-->src/main/AndroidManifest.xml:34:22-64
41    <uses-permission android:name="android.permission.READ_CONTACTS" />
41-->src/main/AndroidManifest.xml:35:5-72
41-->src/main/AndroidManifest.xml:35:22-69
42
43    <!-- Schedule exact alarms (eg. for DST changes) -->
44    <uses-permission android:name="android.permission.SCHEDULE_EXACT_ALARM" />
44-->src/main/AndroidManifest.xml:38:5-79
44-->src/main/AndroidManifest.xml:38:22-76
45
46    <!-- Take wake locks (e.g. for time sync) -->
47    <uses-permission android:name="android.permission.WAKE_LOCK" />
47-->src/main/AndroidManifest.xml:41:5-68
47-->src/main/AndroidManifest.xml:41:22-65
48
49    <!--
50        Necessary for asking the user to disable battery optimizations.
51        GB falls under the acceptable use cases documented here:
52        https://developer.android.com/training/monitoring-device-state/doze-standby.html#exemption-cases
53    -->
54    <uses-permission android:name="android.permission.REQUEST_IGNORE_BATTERY_OPTIMIZATIONS" />
54-->src/main/AndroidManifest.xml:48:5-94
54-->src/main/AndroidManifest.xml:48:22-92
55
56    <!-- Read loyalty cards from Catima -->
57    <uses-permission android:name="me.hackerchick.catima.READ_CARDS" />
57-->src/main/AndroidManifest.xml:51:5-71
57-->src/main/AndroidManifest.xml:51:22-69
58    <uses-permission android:name="me.hackerchick.catima.debug.READ_CARDS" />
58-->src/main/AndroidManifest.xml:52:5-77
58-->src/main/AndroidManifest.xml:52:22-75
59    <uses-permission
59-->src/main/AndroidManifest.xml:54:5-55:38
60        android:name="android.permission.READ_EXTERNAL_STORAGE"
60-->src/main/AndroidManifest.xml:54:22-77
61        android:maxSdkVersion="32" />
61-->src/main/AndroidManifest.xml:55:9-35
62    <uses-permission android:name="android.permission.READ_CALENDAR" />
62-->src/main/AndroidManifest.xml:56:5-72
62-->src/main/AndroidManifest.xml:56:22-69
63    <uses-permission android:name="android.permission.MEDIA_CONTENT_CONTROL" />
63-->src/main/AndroidManifest.xml:57:5-59:47
63-->src/main/AndroidManifest.xml:58:9-64
64
65    <!--
66        Allow Gadgetbridge to run Termux commands. Permission must be granted manually through the
67        permissions page in Android settings.
68        More information: https://github.com/termux/termux-app/wiki/RUN_COMMAND-Intent
69    -->
70    <uses-permission android:name="com.termux.permission.RUN_COMMAND" />
70-->src/main/AndroidManifest.xml:66:5-72
70-->src/main/AndroidManifest.xml:66:22-70
71
72    <!-- Used for background service -->
73    <uses-permission android:name="android.permission.RECEIVE_BOOT_COMPLETED" />
73-->src/main/AndroidManifest.xml:69:5-81
73-->src/main/AndroidManifest.xml:69:22-78
74    <uses-permission android:name="android.permission.FOREGROUND_SERVICE" />
74-->src/main/AndroidManifest.xml:70:5-77
74-->src/main/AndroidManifest.xml:70:22-74
75    <uses-permission android:name="android.permission.FOREGROUND_SERVICE_CONNECTED_DEVICE" />
75-->src/main/AndroidManifest.xml:71:5-94
75-->src/main/AndroidManifest.xml:71:22-91
76    <uses-permission android:name="android.permission.FOREGROUND_SERVICE_DATA_SYNC" />
76-->src/main/AndroidManifest.xml:72:5-87
76-->src/main/AndroidManifest.xml:72:22-84
77    <uses-permission android:name="android.permission.FOREGROUND_SERVICE_SPECIAL_USE" />
77-->src/main/AndroidManifest.xml:73:5-89
77-->src/main/AndroidManifest.xml:73:22-86
78    <uses-permission android:name="android.permission.REQUEST_COMPANION_RUN_IN_BACKGROUND" />
78-->src/main/AndroidManifest.xml:74:5-94
78-->src/main/AndroidManifest.xml:74:22-91
79    <uses-permission android:name="android.permission.REQUEST_OBSERVE_COMPANION_DEVICE_PRESENCE" />
79-->src/main/AndroidManifest.xml:75:5-100
79-->src/main/AndroidManifest.xml:75:22-97
80
81    <!-- Used for reverse find device -->
82    <uses-permission android:name="android.permission.VIBRATE" />
82-->src/main/AndroidManifest.xml:78:5-66
82-->src/main/AndroidManifest.xml:78:22-63
83
84    <!-- Used for weather provider access -->
85    <uses-permission android:name="cyanogenmod.permission.ACCESS_WEATHER_MANAGER" />
85-->src/main/AndroidManifest.xml:81:5-85
85-->src/main/AndroidManifest.xml:81:22-82
86    <uses-permission android:name="cyanogenmod.permission.READ_WEATHER" />
86-->src/main/AndroidManifest.xml:82:5-75
86-->src/main/AndroidManifest.xml:82:22-72
87    <uses-permission android:name="lineageos.permission.ACCESS_WEATHER_MANAGER" />
87-->src/main/AndroidManifest.xml:83:5-83
87-->src/main/AndroidManifest.xml:83:22-80
88    <uses-permission android:name="lineageos.permission.READ_WEATHER" />
88-->src/main/AndroidManifest.xml:84:5-73
88-->src/main/AndroidManifest.xml:84:22-70
89    <uses-permission android:name="org.omnirom.omnijaws.READ_WEATHER" />
89-->src/main/AndroidManifest.xml:85:5-73
89-->src/main/AndroidManifest.xml:85:22-70
90
91    <!-- Used for starting activities from the background with intents -->
92    <uses-permission android:name="android.permission.SYSTEM_ALERT_WINDOW" />
92-->src/main/AndroidManifest.xml:88:5-78
92-->src/main/AndroidManifest.xml:88:22-75
93    <uses-permission android:name="android.permission.CAMERA" />
93-->src/main/AndroidManifest.xml:90:5-64
93-->src/main/AndroidManifest.xml:90:22-62
94
95    <!--
96    SDK 30 & Android 11 - Used for getting app name from notifications, and for starting
97    services from other packages via intents, when targeting Android API level 30 or later
98    on devices running Android 11 or later.
99    https://developer.android.com/training/package-visibility
100    https://support.google.com/googleplay/android-developer/answer/10158779?hl=en#zippy=%2Cpermitted-uses-of-the-query-all-packages-permission%2Cexceptions
101    -->
102    <uses-permission android:name="android.permission.QUERY_ALL_PACKAGES" />
102-->src/main/AndroidManifest.xml:99:5-100:53
102-->src/main/AndroidManifest.xml:99:22-74
103
104    <!-- Needed to show notification with targetSdkVersion 33 with Android 13 -->
105    <uses-permission android:name="android.permission.POST_NOTIFICATIONS" />
105-->src/main/AndroidManifest.xml:103:5-76
105-->src/main/AndroidManifest.xml:103:22-74
106
107    <uses-feature
107-->src/main/AndroidManifest.xml:105:5-107:35
108        android:name="android.hardware.bluetooth"
108-->src/main/AndroidManifest.xml:106:9-50
109        android:required="true" />
109-->src/main/AndroidManifest.xml:107:9-32
110    <uses-feature
110-->src/main/AndroidManifest.xml:108:5-110:36
111        android:name="android.hardware.bluetooth_le"
111-->src/main/AndroidManifest.xml:109:9-53
112        android:required="false" />
112-->src/main/AndroidManifest.xml:110:9-33
113    <uses-feature
113-->src/main/AndroidManifest.xml:111:5-113:36
114        android:name="android.hardware.telephony"
114-->src/main/AndroidManifest.xml:112:9-50
115        android:required="false" />
115-->src/main/AndroidManifest.xml:113:9-33
116    <uses-feature
116-->src/main/AndroidManifest.xml:114:5-116:36
117        android:name="android.software.companion_device_setup"
117-->src/main/AndroidManifest.xml:115:9-63
118        android:required="false" />
118-->src/main/AndroidManifest.xml:116:9-33
119    <uses-feature
119-->src/main/AndroidManifest.xml:117:5-119:36
120        android:name="android.hardware.camera"
120-->src/main/AndroidManifest.xml:118:9-47
121        android:required="false" />
121-->src/main/AndroidManifest.xml:119:9-33
122
123    <uses-permission android:name="android.permission.ACCESS_NETWORK_STATE" />
123-->[androidx.work:work-runtime:2.10.5] AndroidManifest.xml:24:5-79
123-->[androidx.work:work-runtime:2.10.5] AndroidManifest.xml:24:22-76
124
125    <permission
125-->[androidx.core:core:1.17.0] AndroidManifest.xml:22:5-24:47
126        android:name="nodomain.freeyourgadget.gadgetbridge.DYNAMIC_RECEIVER_NOT_EXPORTED_PERMISSION"
126-->[androidx.core:core:1.17.0] AndroidManifest.xml:23:9-81
127        android:protectionLevel="signature" />
127-->[androidx.core:core:1.17.0] AndroidManifest.xml:24:9-44
128
129    <uses-permission android:name="nodomain.freeyourgadget.gadgetbridge.DYNAMIC_RECEIVER_NOT_EXPORTED_PERMISSION" />
129-->[androidx.core:core:1.17.0] AndroidManifest.xml:26:5-97
129-->[androidx.core:core:1.17.0] AndroidManifest.xml:26:22-94
130
131    <application
131-->src/main/AndroidManifest.xml:121:5-1021:19
132        android:name="nodomain.freeyourgadget.gadgetbridge.GBApplication"
132-->src/main/AndroidManifest.xml:122:9-38
133        android:allowBackup="false"
133-->src/main/AndroidManifest.xml:123:9-36
134        android:appComponentFactory="androidx.core.app.CoreComponentFactory"
134-->[androidx.core:core:1.17.0] AndroidManifest.xml:28:18-86
135        android:debuggable="true"
136        android:extractNativeLibs="false"
137        android:fullBackupContent="false"
137-->src/main/AndroidManifest.xml:125:9-42
138        android:icon="@mipmap/ic_launcher"
138-->src/main/AndroidManifest.xml:126:9-43
139        android:label="@string/app_name"
139-->src/main/AndroidManifest.xml:127:9-41
140        android:networkSecurityConfig="@xml/network_security_config"
140-->src/main/AndroidManifest.xml:128:9-69
141        android:requestLegacyExternalStorage="true"
141-->src/main/AndroidManifest.xml:130:9-52
142        android:roundIcon="@mipmap/ic_launcher_round"
142-->src/main/AndroidManifest.xml:129:9-54
143        android:supportsRtl="true"
143-->src/main/AndroidManifest.xml:124:9-35
144        android:testOnly="true"
145        android:theme="@style/GadgetbridgeTheme" >
145-->src/main/AndroidManifest.xml:131:9-49
146        <receiver
146-->src/main/AndroidManifest.xml:133:9-150:20
147            android:name="nodomain.freeyourgadget.gadgetbridge.externalevents.sleepasandroid.SleepAsAndroidReceiver"
147-->src/main/AndroidManifest.xml:134:13-81
148            android:enabled="true"
148-->src/main/AndroidManifest.xml:135:13-35
149            android:exported="true" >
149-->src/main/AndroidManifest.xml:136:13-36
150            <intent-filter>
150-->src/main/AndroidManifest.xml:137:13-149:29
151                <action android:name="com.urbandroid.sleep.watch.START_TRACKING" />
151-->src/main/AndroidManifest.xml:138:17-84
151-->src/main/AndroidManifest.xml:138:25-81
152                <action android:name="com.urbandroid.sleep.watch.STOP_TRACKING" />
152-->src/main/AndroidManifest.xml:139:17-83
152-->src/main/AndroidManifest.xml:139:25-80
153                <action android:name="com.urbandroid.sleep.watch.SET_PAUSE" />
153-->src/main/AndroidManifest.xml:140:17-79
153-->src/main/AndroidManifest.xml:140:25-76
154                <action android:name="com.urbandroid.sleep.watch.SET_SUSPENDED" />
154-->src/main/AndroidManifest.xml:141:17-83
154-->src/main/AndroidManifest.xml:141:25-80
155                <action android:name="com.urbandroid.sleep.watch.SET_BATCH_SIZE" />
155-->src/main/AndroidManifest.xml:142:17-84
155-->src/main/AndroidManifest.xml:142:25-81
156                <action android:name="com.urbandroid.sleep.watch.START_ALARM" />
156-->src/main/AndroidManifest.xml:143:17-81
156-->src/main/AndroidManifest.xml:143:25-78
157                <action android:name="com.urbandroid.sleep.watch.STOP_ALARM" />
157-->src/main/AndroidManifest.xml:144:17-80
157-->src/main/AndroidManifest.xml:144:25-77
158                <action android:name="com.urbandroid.sleep.watch.UPDATE_ALARM" />
158-->src/main/AndroidManifest.xml:145:17-82
158-->src/main/AndroidManifest.xml:145:25-79
159                <action android:name="com.urbandroid.sleep.watch.SHOW_NOTIFICATION" />
159-->src/main/AndroidManifest.xml:146:17-87
159-->src/main/AndroidManifest.xml:146:25-84
160                <action android:name="com.urbandroid.sleep.watch.HINT" />
160-->src/main/AndroidManifest.xml:147:17-74
160-->src/main/AndroidManifest.xml:147:25-71
161                <action android:name="com.urbandroid.sleep.watch.CHECK_CONNECTED" />
161-->src/main/AndroidManifest.xml:148:17-85
161-->src/main/AndroidManifest.xml:148:25-82
162            </intent-filter>
163        </receiver>
164
165        <activity
165-->src/main/AndroidManifest.xml:151:9-164:20
166            android:name="nodomain.freeyourgadget.gadgetbridge.activities.ControlCenterv2"
166-->src/main/AndroidManifest.xml:152:13-55
167            android:exported="true"
167-->src/main/AndroidManifest.xml:156:13-36
168            android:label="@string/title_activity_controlcenter"
168-->src/main/AndroidManifest.xml:153:13-65
169            android:launchMode="singleTop"
169-->src/main/AndroidManifest.xml:155:13-43
170            android:theme="@style/SplashTheme" >
170-->src/main/AndroidManifest.xml:154:13-47
171            <intent-filter>
171-->src/main/AndroidManifest.xml:157:13-163:29
172                <category android:name="android.intent.category.DEFAULT" />
172-->src/main/AndroidManifest.xml:158:17-76
172-->src/main/AndroidManifest.xml:158:27-73
173
174                <action android:name="android.intent.action.MAIN" />
174-->src/main/AndroidManifest.xml:160:17-69
174-->src/main/AndroidManifest.xml:160:25-66
175
176                <category android:name="android.intent.category.LAUNCHER" />
176-->src/main/AndroidManifest.xml:162:17-77
176-->src/main/AndroidManifest.xml:162:27-74
177            </intent-filter>
178        </activity>
179        <activity
179-->src/main/AndroidManifest.xml:165:9-168:72
180            android:name="nodomain.freeyourgadget.gadgetbridge.activities.welcome.WelcomeActivity"
180-->src/main/AndroidManifest.xml:166:13-63
181            android:label="@string/first_start_welcome_title"
181-->src/main/AndroidManifest.xml:167:13-62
182            android:parentActivityName="nodomain.freeyourgadget.gadgetbridge.activities.ControlCenterv2" />
182-->src/main/AndroidManifest.xml:168:13-69
183        <activity
183-->src/main/AndroidManifest.xml:169:9-172:72
184            android:name="nodomain.freeyourgadget.gadgetbridge.activities.PermissionsActivity"
184-->src/main/AndroidManifest.xml:170:13-59
185            android:label="@string/first_start_permissions_title"
185-->src/main/AndroidManifest.xml:171:13-66
186            android:parentActivityName="nodomain.freeyourgadget.gadgetbridge.activities.ControlCenterv2" />
186-->src/main/AndroidManifest.xml:172:13-69
187        <activity
187-->src/main/AndroidManifest.xml:173:9-176:72
188            android:name="nodomain.freeyourgadget.gadgetbridge.activities.SettingsActivity"
188-->src/main/AndroidManifest.xml:174:13-56
189            android:label="@string/title_activity_settings"
189-->src/main/AndroidManifest.xml:175:13-60
190            android:parentActivityName="nodomain.freeyourgadget.gadgetbridge.activities.ControlCenterv2" />
190-->src/main/AndroidManifest.xml:176:13-69
191        <activity
191-->src/main/AndroidManifest.xml:177:9-180:73
192            android:name="nodomain.freeyourgadget.gadgetbridge.activities.DashboardPreferencesActivity"
192-->src/main/AndroidManifest.xml:178:13-68
193            android:label="@string/dashboard_settings"
193-->src/main/AndroidManifest.xml:179:13-55
194            android:parentActivityName="nodomain.freeyourgadget.gadgetbridge.activities.SettingsActivity" />
194-->src/main/AndroidManifest.xml:180:13-70
195        <activity
195-->src/main/AndroidManifest.xml:181:9-184:73
196            android:name="nodomain.freeyourgadget.gadgetbridge.activities.maps.MapsSettingsActivity"
196-->src/main/AndroidManifest.xml:182:13-65
197            android:label="@string/maps_settings"
197-->src/main/AndroidManifest.xml:183:13-50
198            android:parentActivityName="nodomain.freeyourgadget.gadgetbridge.activities.SettingsActivity" />
198-->src/main/AndroidManifest.xml:184:13-70
199        <activity
199-->src/main/AndroidManifest.xml:185:9-188:73
200            android:name="nodomain.freeyourgadget.gadgetbridge.activities.automations.AutomationsSettingsActivity"
200-->src/main/AndroidManifest.xml:186:13-79
201            android:label="@string/pref_header_automations"
201-->src/main/AndroidManifest.xml:187:13-60
202            android:parentActivityName="nodomain.freeyourgadget.gadgetbridge.activities.SettingsActivity" />
202-->src/main/AndroidManifest.xml:188:13-70
203        <activity
203-->src/main/AndroidManifest.xml:189:9-192:73
204            android:name="nodomain.freeyourgadget.gadgetbridge.activities.automations.AutoExportDbSettingsActivity"
204-->src/main/AndroidManifest.xml:190:13-80
205            android:label="@string/pref_header_auto_export_db"
205-->src/main/AndroidManifest.xml:191:13-63
206            android:parentActivityName="nodomain.freeyourgadget.gadgetbridge.activities.SettingsActivity" />
206-->src/main/AndroidManifest.xml:192:13-70
207        <activity
207-->src/main/AndroidManifest.xml:193:9-196:73
208            android:name="nodomain.freeyourgadget.gadgetbridge.activities.automations.AutoExportZipSettingsActivity"
208-->src/main/AndroidManifest.xml:194:13-81
209            android:label="@string/pref_header_auto_export_zip"
209-->src/main/AndroidManifest.xml:195:13-64
210            android:parentActivityName="nodomain.freeyourgadget.gadgetbridge.activities.SettingsActivity" />
210-->src/main/AndroidManifest.xml:196:13-70
211        <activity
211-->src/main/AndroidManifest.xml:197:9-200:73
212            android:name="nodomain.freeyourgadget.gadgetbridge.activities.maps.MapsTrackActivity"
212-->src/main/AndroidManifest.xml:198:13-62
213            android:label="@string/maps"
213-->src/main/AndroidManifest.xml:199:13-41
214            android:parentActivityName="nodomain.freeyourgadget.gadgetbridge.activities.SettingsActivity" />
214-->src/main/AndroidManifest.xml:200:13-70
215        <activity
215-->src/main/AndroidManifest.xml:201:9-205:88
216            android:name="nodomain.freeyourgadget.gadgetbridge.activities.workouts.charts.WorkoutChartsActivity"
216-->src/main/AndroidManifest.xml:202:13-77
217            android:configChanges="keyboard|keyboardHidden|orientation|screenSize|layoutDirection|uiMode"
217-->src/main/AndroidManifest.xml:204:13-106
218            android:label="@string/workout_charts"
218-->src/main/AndroidManifest.xml:203:13-51
219            android:parentActivityName="nodomain.freeyourgadget.gadgetbridge.activities.workouts.WorkoutDetailsActivity" />
219-->src/main/AndroidManifest.xml:205:13-85
220        <activity
220-->src/main/AndroidManifest.xml:206:9-209:73
221            android:name="nodomain.freeyourgadget.gadgetbridge.activities.SleepAsAndroidPreferencesActivity"
221-->src/main/AndroidManifest.xml:207:13-73
222            android:label="@string/sleepasandroid_settings"
222-->src/main/AndroidManifest.xml:208:13-60
223            android:parentActivityName="nodomain.freeyourgadget.gadgetbridge.activities.SettingsActivity" />
223-->src/main/AndroidManifest.xml:209:13-70
224        <activity
224-->src/main/AndroidManifest.xml:210:9-213:85
225            android:name="nodomain.freeyourgadget.gadgetbridge.activities.AboutUserPreferencesActivity"
225-->src/main/AndroidManifest.xml:211:13-68
226            android:label="@string/activity_prefs_about_you"
226-->src/main/AndroidManifest.xml:212:13-61
227            android:parentActivityName="nodomain.freeyourgadget.gadgetbridge.activities.AboutUserPreferencesActivity" />
227-->src/main/AndroidManifest.xml:213:13-82
228        <activity
228-->src/main/AndroidManifest.xml:214:9-217:89
229            android:name="nodomain.freeyourgadget.gadgetbridge.activities.charts.ChartsPreferencesActivity"
229-->src/main/AndroidManifest.xml:215:13-72
230            android:label="@string/activity_prefs_charts"
230-->src/main/AndroidManifest.xml:216:13-58
231            android:parentActivityName="nodomain.freeyourgadget.gadgetbridge.activities.charts.ChartsPreferencesActivity" />
231-->src/main/AndroidManifest.xml:217:13-86
232        <activity
232-->src/main/AndroidManifest.xml:218:9-221:79
233            android:name="nodomain.freeyourgadget.gadgetbridge.activities.files.FileManagerActivity"
233-->src/main/AndroidManifest.xml:219:13-65
234            android:label="@string/activity_data_management_directory_content_title"
234-->src/main/AndroidManifest.xml:220:13-85
235            android:parentActivityName="nodomain.freeyourgadget.gadgetbridge.activities.DataManagementActivity" />
235-->src/main/AndroidManifest.xml:221:13-76
236        <activity
236-->src/main/AndroidManifest.xml:222:9-225:55
237            android:name="nodomain.freeyourgadget.gadgetbridge.activities.fit.FitViewerActivity"
237-->src/main/AndroidManifest.xml:223:13-61
238            android:exported="true"
238-->src/main/AndroidManifest.xml:224:13-36
239            android:label="@string/fit_file_viewer" />
239-->src/main/AndroidManifest.xml:225:13-52
240        <activity
240-->src/main/AndroidManifest.xml:226:9-229:79
241            android:name="nodomain.freeyourgadget.gadgetbridge.activities.BackupRestoreProgressActivity"
241-->src/main/AndroidManifest.xml:227:13-69
242            android:label="@string/activity_db_management_backup_restore_label"
242-->src/main/AndroidManifest.xml:228:13-80
243            android:parentActivityName="nodomain.freeyourgadget.gadgetbridge.activities.DataManagementActivity" />
243-->src/main/AndroidManifest.xml:229:13-76
244        <activity
244-->src/main/AndroidManifest.xml:230:9-233:73
245            android:name="nodomain.freeyourgadget.gadgetbridge.activities.discovery.DiscoveryPairingPreferenceActivity"
245-->src/main/AndroidManifest.xml:231:13-84
246            android:label="@string/activity_prefs_discovery_pairing"
246-->src/main/AndroidManifest.xml:232:13-69
247            android:parentActivityName="nodomain.freeyourgadget.gadgetbridge.activities.SettingsActivity" />
247-->src/main/AndroidManifest.xml:233:13-70
248        <activity
248-->src/main/AndroidManifest.xml:234:9-237:94
249            android:name="nodomain.freeyourgadget.gadgetbridge.activities.loyaltycards.LoyaltyCardsSettingsActivity"
249-->src/main/AndroidManifest.xml:235:13-81
250            android:label="@string/loyalty_cards"
250-->src/main/AndroidManifest.xml:236:13-50
251            android:parentActivityName="nodomain.freeyourgadget.gadgetbridge.activities.devicesettings.DeviceSettingsActivity" />
251-->src/main/AndroidManifest.xml:237:13-91
252        <activity
252-->src/main/AndroidManifest.xml:238:9-241:94
253            android:name="nodomain.freeyourgadget.gadgetbridge.activities.audiorecordings.AudioRecordingsActivity"
253-->src/main/AndroidManifest.xml:239:13-79
254            android:label="@string/audio_recordings"
254-->src/main/AndroidManifest.xml:240:13-53
255            android:parentActivityName="nodomain.freeyourgadget.gadgetbridge.activities.devicesettings.DeviceSettingsActivity" />
255-->src/main/AndroidManifest.xml:241:13-91
256        <activity
256-->src/main/AndroidManifest.xml:242:9-245:94
257            android:name="nodomain.freeyourgadget.gadgetbridge.devices.garmin.GarminRealtimeSettingsActivity"
257-->src/main/AndroidManifest.xml:243:13-74
258            android:label="@string/loading"
258-->src/main/AndroidManifest.xml:244:13-44
259            android:parentActivityName="nodomain.freeyourgadget.gadgetbridge.activities.devicesettings.DeviceSettingsActivity" />
259-->src/main/AndroidManifest.xml:245:13-91
260        <activity
260-->src/main/AndroidManifest.xml:246:9-249:94
261            android:name="nodomain.freeyourgadget.gadgetbridge.devices.huawei.ui.HuaweiStressCalibrationActivity"
261-->src/main/AndroidManifest.xml:247:13-78
262            android:label="@string/huawei_stress_calibrate"
262-->src/main/AndroidManifest.xml:248:13-60
263            android:parentActivityName="nodomain.freeyourgadget.gadgetbridge.activities.devicesettings.DeviceSettingsActivity" />
263-->src/main/AndroidManifest.xml:249:13-91
264        <activity
264-->src/main/AndroidManifest.xml:250:9-253:94
265            android:name="nodomain.freeyourgadget.gadgetbridge.activities.NotificationsAppIconUploadActivity"
265-->src/main/AndroidManifest.xml:251:13-74
266            android:label="@string/notifications_app_icon_upload"
266-->src/main/AndroidManifest.xml:252:13-66
267            android:parentActivityName="nodomain.freeyourgadget.gadgetbridge.activities.devicesettings.DeviceSettingsActivity" />
267-->src/main/AndroidManifest.xml:253:13-91
268        <activity
268-->src/main/AndroidManifest.xml:254:9-257:72
269            android:name="nodomain.freeyourgadget.gadgetbridge.activities.workouts.WorkoutListActivity"
269-->src/main/AndroidManifest.xml:255:13-68
270            android:label="@string/activity_summaries"
270-->src/main/AndroidManifest.xml:256:13-55
271            android:parentActivityName="nodomain.freeyourgadget.gadgetbridge.activities.ControlCenterv2" />
271-->src/main/AndroidManifest.xml:257:13-69
272        <activity
272-->src/main/AndroidManifest.xml:258:9-262:72
273            android:name="nodomain.freeyourgadget.gadgetbridge.activities.appmanager.AppManagerActivity"
273-->src/main/AndroidManifest.xml:259:13-69
274            android:label="@string/title_activity_appmanager"
274-->src/main/AndroidManifest.xml:260:13-62
275            android:launchMode="singleTop"
275-->src/main/AndroidManifest.xml:261:13-43
276            android:parentActivityName="nodomain.freeyourgadget.gadgetbridge.activities.ControlCenterv2" />
276-->src/main/AndroidManifest.xml:262:13-69
277        <activity
277-->src/main/AndroidManifest.xml:263:9-266:73
278            android:name="nodomain.freeyourgadget.gadgetbridge.activities.musicmanager.MusicManagerActivity"
278-->src/main/AndroidManifest.xml:264:13-73
279            android:label="@string/title_activity_musicmanager"
279-->src/main/AndroidManifest.xml:265:13-64
280            android:parentActivityName="nodomain.freeyourgadget.gadgetbridge.activities.SettingsActivity" />
280-->src/main/AndroidManifest.xml:266:13-70
281        <activity
281-->src/main/AndroidManifest.xml:267:9-270:73
282            android:name="nodomain.freeyourgadget.gadgetbridge.activities.AppBlacklistActivity"
282-->src/main/AndroidManifest.xml:268:13-60
283            android:label="@string/title_activity_notification_management"
283-->src/main/AndroidManifest.xml:269:13-75
284            android:parentActivityName="nodomain.freeyourgadget.gadgetbridge.activities.SettingsActivity" />
284-->src/main/AndroidManifest.xml:270:13-70
285        <activity
285-->src/main/AndroidManifest.xml:271:9-274:73
286            android:name="nodomain.freeyourgadget.gadgetbridge.activities.CalBlacklistActivity"
286-->src/main/AndroidManifest.xml:272:13-60
287            android:label="@string/title_activity_calblacklist"
287-->src/main/AndroidManifest.xml:273:13-64